<?xml version="1.0" encoding="UTF-8"?>
<!-- Generated by org.testng.reporters.JUnitReportReporter -->
<testsuite skipped="0" hostname="mirketa" name="com.mirketa.testcase.SalesForceLoginTest" tests="1" failures="0" timestamp="2020-05-22T12:32:36 IST" time="57.522" errors="0">
  <testcase name="TestLoginPage" time="57.522" classname="com.mirketa.testcase.SalesForceLoginTest"/>
  <system-out/>
</testsuite> <!-- com.mirketa.testcase.SalesForceLoginTest -->
